<?xml version="1.0" encoding="UTF-8"?>
<!-- Generated by org.testng.reporters.JUnitReportReporter -->
<testsuite skipped="0" hostname="DESKTOP-U7DEA5S" name="com.ui.Login" tests="1" failures="0" timestamp="07 Mar 2020 15:58:52 GMT" time="0.033" errors="0">
  <testcase name="testOne" time="0.033" classname="com.ui.Login"/>
</testsuite> <!-- com.ui.Login -->
